[0.314s] DEBUG:colcon:Command line arguments: ['/bin/colcon', 'build', '--symlink-install', '--packages-select', 'ydlidar_ros2_driver']
[0.314s] DEBUG:colcon:Parsed command line arguments: Namespace(ament_cmake_args=None, base_paths=['.'], build_base='build', catkin_cmake_args=None, catkin_skip_building_tests=False, cmake_args=None, cmake_clean_cache=False, cmake_clean_first=False, cmake_force_configure=False, cmake_target=None, cmake_target_skip_unavailable=False, continue_on_error=False, event_handlers=None, executor='parallel', ignore_user_meta=False, install_base='install', log_base=None, log_level=None, main=<bound method BuildVerb.main of <colcon_core.verb.build.BuildVerb object at 0x7f7f0b63cb80>>, merge_install=False, metas=['./colcon.meta'], packages_above=None, packages_above_and_dependencies=None, packages_above_depth=None, packages_end=None, packages_ignore=None, packages_ignore_regex=None, packages_select=['ydlidar_ros2_driver'], packages_select_build_failed=False, packages_select_by_dep=None, packages_select_regex=None, packages_select_test_failures=False, packages_skip=None, packages_skip_build_finished=False, packages_skip_by_dep=None, packages_skip_regex=None, packages_skip_test_passed=False, packages_skip_up_to=None, packages_start=None, packages_up_to=None, packages_up_to_regex=None, parallel_workers=4, paths=None, symlink_install=True, test_result_base=None, verb_extension=<colcon_core.verb.build.BuildVerb object at 0x7f7f0b63cb80>, verb_name='build', verb_parser=<colcon_defaults.argument_parser.defaults.DefaultArgumentsDecorator object at 0x7f7f0b595130>)
[0.320s] Level 1:colcon.colcon_core.package_discovery:discover_packages(colcon_meta) check parameters
[0.320s] Level 1:colcon.colcon_core.package_discovery:discover_packages(recursive) check parameters
[0.320s] Level 1:colcon.colcon_core.package_discovery:discover_packages(ignore) check parameters
[0.320s] Level 1:colcon.colcon_core.package_discovery:discover_packages(path) check parameters
[0.320s] Level 1:colcon.colcon_core.package_discovery:discover_packages(colcon_meta) discover
[0.321s] Level 1:colcon.colcon_core.package_discovery:discover_packages(recursive) discover
[0.321s] INFO:colcon.colcon_core.package_discovery:Crawling recursively for packages in '/home/opensg/osg_ros2_test_ws'
[0.321s] Level 1:colcon.colcon_core.package_identification:_identify(.) by extensions ['ignore', 'ignore_ament_install']
[0.321s] Level 1:colcon.colcon_core.package_identification:_identify(.) by extension 'ignore'
[0.321s] Level 1:colcon.colcon_core.package_identification:_identify(.) by extension 'ignore_ament_install'
[0.321s] Level 1:colcon.colcon_core.package_identification:_identify(.) by extensions ['colcon_pkg']
[0.321s] Level 1:colcon.colcon_core.package_identification:_identify(.) by extension 'colcon_pkg'
[0.321s] Level 1:colcon.colcon_core.package_identification:_identify(.) by extensions ['colcon_meta']
[0.321s] Level 1:colcon.colcon_core.package_identification:_identify(.) by extension 'colcon_meta'
[0.321s] Level 1:colcon.colcon_core.package_identification:_identify(.) by extensions ['ros']
[0.321s] Level 1:colcon.colcon_core.package_identification:_identify(.) by extension 'ros'
[0.334s] Level 1:colcon.colcon_core.package_identification:_identify(.) by extensions ['cmake', 'python']
[0.334s] Level 1:colcon.colcon_core.package_identification:_identify(.) by extension 'cmake'
[0.334s] Level 1:colcon.colcon_core.package_identification:_identify(.) by extension 'python'
[0.334s] Level 1:colcon.colcon_core.package_identification:_identify(.) by extensions ['python_setup_py']
[0.334s] Level 1:colcon.colcon_core.package_identification:_identify(.) by extension 'python_setup_py'
[0.334s] Level 1:colcon.colcon_core.package_identification:_identify(build) by extensions ['ignore', 'ignore_ament_install']
[0.334s] Level 1:colcon.colcon_core.package_identification:_identify(build) by extension 'ignore'
[0.334s] Level 1:colcon.colcon_core.package_identification:_identify(build) ignored
[0.335s] Level 1:colcon.colcon_core.package_identification:_identify(install) by extensions ['ignore', 'ignore_ament_install']
[0.335s] Level 1:colcon.colcon_core.package_identification:_identify(install) by extension 'ignore'
[0.335s] Level 1:colcon.colcon_core.package_identification:_identify(install) ignored
[0.335s] Level 1:colcon.colcon_core.package_identification:_identify(log) by extensions ['ignore', 'ignore_ament_install']
[0.335s] Level 1:colcon.colcon_core.package_identification:_identify(log) by extension 'ignore'
[0.335s] Level 1:colcon.colcon_core.package_identification:_identify(log) ignored
[0.335s] Level 1:colcon.colcon_core.package_identification:_identify(src) by extensions ['ignore', 'ignore_ament_install']
[0.335s] Level 1:colcon.colcon_core.package_identification:_identify(src) by extension 'ignore'
[0.335s] Level 1:colcon.colcon_core.package_identification:_identify(src) by extension 'ignore_ament_install'
[0.335s] Level 1:colcon.colcon_core.package_identification:_identify(src) by extensions ['colcon_pkg']
[0.336s] Level 1:colcon.colcon_core.package_identification:_identify(src) by extension 'colcon_pkg'
[0.336s] Level 1:colcon.colcon_core.package_identification:_identify(src) by extensions ['colcon_meta']
[0.336s] Level 1:colcon.colcon_core.package_identification:_identify(src) by extension 'colcon_meta'
[0.336s] Level 1:colcon.colcon_core.package_identification:_identify(src) by extensions ['ros']
[0.336s] Level 1:colcon.colcon_core.package_identification:_identify(src) by extension 'ros'
[0.336s] Level 1:colcon.colcon_core.package_identification:_identify(src) by extensions ['cmake', 'python']
[0.336s] Level 1:colcon.colcon_core.package_identification:_identify(src) by extension 'cmake'
[0.336s] Level 1:colcon.colcon_core.package_identification:_identify(src) by extension 'python'
[0.336s] Level 1:colcon.colcon_core.package_identification:_identify(src) by extensions ['python_setup_py']
[0.336s] Level 1:colcon.colcon_core.package_identification:_identify(src) by extension 'python_setup_py'
[0.336s] Level 1:colcon.colcon_core.package_identification:_identify(src/ydlidar_ros2_driver) by extensions ['ignore', 'ignore_ament_install']
[0.336s] Level 1:colcon.colcon_core.package_identification:_identify(src/ydlidar_ros2_driver) by extension 'ignore'
[0.336s] Level 1:colcon.colcon_core.package_identification:_identify(src/ydlidar_ros2_driver) by extension 'ignore_ament_install'
[0.336s] Level 1:colcon.colcon_core.package_identification:_identify(src/ydlidar_ros2_driver) by extensions ['colcon_pkg']
[0.336s] Level 1:colcon.colcon_core.package_identification:_identify(src/ydlidar_ros2_driver) by extension 'colcon_pkg'
[0.337s] Level 1:colcon.colcon_core.package_identification:_identify(src/ydlidar_ros2_driver) by extensions ['colcon_meta']
[0.337s] Level 1:colcon.colcon_core.package_identification:_identify(src/ydlidar_ros2_driver) by extension 'colcon_meta'
[0.337s] Level 1:colcon.colcon_core.package_identification:_identify(src/ydlidar_ros2_driver) by extensions ['ros']
[0.337s] Level 1:colcon.colcon_core.package_identification:_identify(src/ydlidar_ros2_driver) by extension 'ros'
[0.339s] DEBUG:colcon.colcon_core.package_identification:Package 'src/ydlidar_ros2_driver' with type 'ros.ament_cmake' and name 'ydlidar_ros2_driver'
[0.339s] Level 1:colcon.colcon_core.package_discovery:discover_packages(recursive) using defaults
[0.339s] Level 1:colcon.colcon_core.package_discovery:discover_packages(ignore) discover
[0.339s] Level 1:colcon.colcon_core.package_discovery:discover_packages(ignore) using defaults
[0.339s] Level 1:colcon.colcon_core.package_discovery:discover_packages(path) discover
[0.340s] Level 1:colcon.colcon_core.package_discovery:discover_packages(path) using defaults
[0.358s] Level 5:colcon.colcon_core.verb:set package 'ydlidar_ros2_driver' build argument 'cmake_args' from command line to 'None'
[0.359s] Level 5:colcon.colcon_core.verb:set package 'ydlidar_ros2_driver' build argument 'cmake_target' from command line to 'None'
[0.359s] Level 5:colcon.colcon_core.verb:set package 'ydlidar_ros2_driver' build argument 'cmake_target_skip_unavailable' from command line to 'False'
[0.359s] Level 5:colcon.colcon_core.verb:set package 'ydlidar_ros2_driver' build argument 'cmake_clean_cache' from command line to 'False'
[0.359s] Level 5:colcon.colcon_core.verb:set package 'ydlidar_ros2_driver' build argument 'cmake_clean_first' from command line to 'False'
[0.359s] Level 5:colcon.colcon_core.verb:set package 'ydlidar_ros2_driver' build argument 'cmake_force_configure' from command line to 'False'
[0.359s] Level 5:colcon.colcon_core.verb:set package 'ydlidar_ros2_driver' build argument 'ament_cmake_args' from command line to 'None'
[0.359s] Level 5:colcon.colcon_core.verb:set package 'ydlidar_ros2_driver' build argument 'catkin_cmake_args' from command line to 'None'
[0.359s] Level 5:colcon.colcon_core.verb:set package 'ydlidar_ros2_driver' build argument 'catkin_skip_building_tests' from command line to 'False'
[0.359s] DEBUG:colcon.colcon_core.verb:Building package 'ydlidar_ros2_driver' with the following arguments: {'ament_cmake_args': None, 'build_base': '/home/opensg/osg_ros2_test_ws/build/ydlidar_ros2_driver', 'catkin_cmake_args': None, 'catkin_skip_building_tests': False, 'cmake_args': None, 'cmake_clean_cache': False, 'cmake_clean_first': False, 'cmake_force_configure': False, 'cmake_target': None, 'cmake_target_skip_unavailable': False, 'install_base': '/home/opensg/osg_ros2_test_ws/install/ydlidar_ros2_driver', 'merge_install': False, 'path': '/home/opensg/osg_ros2_test_ws/src/ydlidar_ros2_driver', 'symlink_install': True, 'test_result_base': None}
[0.360s] INFO:colcon.colcon_core.executor:Executing jobs using 'parallel' executor
[0.361s] DEBUG:colcon.colcon_parallel_executor.executor.parallel:run_until_complete
[0.362s] INFO:colcon.colcon_ros.task.ament_cmake.build:Building ROS package in '/home/opensg/osg_ros2_test_ws/src/ydlidar_ros2_driver' with build type 'ament_cmake'
[0.362s] INFO:colcon.colcon_cmake.task.cmake.build:Building CMake package in '/home/opensg/osg_ros2_test_ws/src/ydlidar_ros2_driver'
[0.366s] INFO:colcon.colcon_core.plugin_system:Skipping extension 'colcon_core.shell.bat': Not used on non-Windows systems
[0.366s] INFO:colcon.colcon_core.shell:Skip shell extension 'powershell' for command environment: Not usable outside of PowerShell
[0.367s] DEBUG:colcon.colcon_core.shell:Skip shell extension 'dsv' for command environment
[0.370s] DEBUG:colcon.colcon_core.shell:Ignoring prefix path '/opt/ros/foxy'
[0.381s] DEBUG:colcon.colcon_core.event_handler.log_command:Invoking command in '/home/opensg/osg_ros2_test_ws/build/ydlidar_ros2_driver': CMAKE_PREFIX_PATH=${CMAKE_PREFIX_PATH}:/home/opensg/gcamp_ros2_ws/install/py_action_pkg:/home/opensg/osg_ros2_ws/install/osg_amr:/opt/ros/foxy /bin/cmake /home/opensg/osg_ros2_test_ws/src/ydlidar_ros2_driver -DAMENT_CMAKE_SYMLINK_INSTALL=1 -DCMAKE_INSTALL_PREFIX=/home/opensg/osg_ros2_test_ws/install/ydlidar_ros2_driver
[3.209s] DEBUG:colcon.colcon_core.event_handler.log_command:Invoked command in '/home/opensg/osg_ros2_test_ws/build/ydlidar_ros2_driver' returned '0': CMAKE_PREFIX_PATH=${CMAKE_PREFIX_PATH}:/home/opensg/gcamp_ros2_ws/install/py_action_pkg:/home/opensg/osg_ros2_ws/install/osg_amr:/opt/ros/foxy /bin/cmake /home/opensg/osg_ros2_test_ws/src/ydlidar_ros2_driver -DAMENT_CMAKE_SYMLINK_INSTALL=1 -DCMAKE_INSTALL_PREFIX=/home/opensg/osg_ros2_test_ws/install/ydlidar_ros2_driver
[3.210s] DEBUG:colcon.colcon_core.event_handler.log_command:Invoking command in '/home/opensg/osg_ros2_test_ws/build/ydlidar_ros2_driver': CMAKE_PREFIX_PATH=${CMAKE_PREFIX_PATH}:/home/opensg/gcamp_ros2_ws/install/py_action_pkg:/home/opensg/osg_ros2_ws/install/osg_amr:/opt/ros/foxy /bin/cmake --build /home/opensg/osg_ros2_test_ws/build/ydlidar_ros2_driver -- -j4 -l4
[9.135s] DEBUG:colcon.colcon_core.event_handler.log_command:Invoked command in '/home/opensg/osg_ros2_test_ws/build/ydlidar_ros2_driver' returned '0': CMAKE_PREFIX_PATH=${CMAKE_PREFIX_PATH}:/home/opensg/gcamp_ros2_ws/install/py_action_pkg:/home/opensg/osg_ros2_ws/install/osg_amr:/opt/ros/foxy /bin/cmake --build /home/opensg/osg_ros2_test_ws/build/ydlidar_ros2_driver -- -j4 -l4
[9.174s] DEBUG:colcon.colcon_core.event_handler.log_command:Invoking command in '/home/opensg/osg_ros2_test_ws/build/ydlidar_ros2_driver': CMAKE_PREFIX_PATH=${CMAKE_PREFIX_PATH}:/home/opensg/gcamp_ros2_ws/install/py_action_pkg:/home/opensg/osg_ros2_ws/install/osg_amr:/opt/ros/foxy /bin/cmake --install /home/opensg/osg_ros2_test_ws/build/ydlidar_ros2_driver
[9.407s] Level 1:colcon.colcon_core.environment:create_environment_scripts_only(ydlidar_ros2_driver)
[9.412s] Level 1:colcon.colcon_core.environment:checking '/home/opensg/osg_ros2_test_ws/install/ydlidar_ros2_driver' for CMake module files
[9.412s] Level 1:colcon.colcon_core.environment:checking '/home/opensg/osg_ros2_test_ws/install/ydlidar_ros2_driver' for CMake config files
[9.413s] Level 1:colcon.colcon_core.shell:create_environment_hook('ydlidar_ros2_driver', 'cmake_prefix_path')
[9.413s] DEBUG:colcon.colcon_core.event_handler.log_command:Invoked command in '/home/opensg/osg_ros2_test_ws/build/ydlidar_ros2_driver' returned '0': CMAKE_PREFIX_PATH=${CMAKE_PREFIX_PATH}:/home/opensg/gcamp_ros2_ws/install/py_action_pkg:/home/opensg/osg_ros2_ws/install/osg_amr:/opt/ros/foxy /bin/cmake --install /home/opensg/osg_ros2_test_ws/build/ydlidar_ros2_driver
[9.414s] INFO:colcon.colcon_core.shell:Creating environment hook '/home/opensg/osg_ros2_test_ws/install/ydlidar_ros2_driver/share/ydlidar_ros2_driver/hook/cmake_prefix_path.ps1'
[9.414s] INFO:colcon.colcon_core.shell:Creating environment descriptor '/home/opensg/osg_ros2_test_ws/install/ydlidar_ros2_driver/share/ydlidar_ros2_driver/hook/cmake_prefix_path.dsv'
[9.415s] INFO:colcon.colcon_core.shell:Creating environment hook '/home/opensg/osg_ros2_test_ws/install/ydlidar_ros2_driver/share/ydlidar_ros2_driver/hook/cmake_prefix_path.sh'
[9.417s] Level 1:colcon.colcon_core.environment:checking '/home/opensg/osg_ros2_test_ws/install/ydlidar_ros2_driver/lib'
[9.417s] Level 1:colcon.colcon_core.environment:checking '/home/opensg/osg_ros2_test_ws/install/ydlidar_ros2_driver/bin'
[9.417s] Level 1:colcon.colcon_core.environment:checking '/home/opensg/osg_ros2_test_ws/install/ydlidar_ros2_driver/lib/pkgconfig/ydlidar_ros2_driver.pc'
[9.417s] Level 1:colcon.colcon_core.environment:checking '/home/opensg/osg_ros2_test_ws/install/ydlidar_ros2_driver/lib/python3.8/site-packages'
[9.418s] INFO:colcon.colcon_core.shell:Creating package script '/home/opensg/osg_ros2_test_ws/install/ydlidar_ros2_driver/share/ydlidar_ros2_driver/package.ps1'
[9.419s] INFO:colcon.colcon_core.shell:Creating package descriptor '/home/opensg/osg_ros2_test_ws/install/ydlidar_ros2_driver/share/ydlidar_ros2_driver/package.dsv'
[9.419s] INFO:colcon.colcon_core.shell:Creating package script '/home/opensg/osg_ros2_test_ws/install/ydlidar_ros2_driver/share/ydlidar_ros2_driver/package.sh'
[9.420s] INFO:colcon.colcon_core.shell:Creating package script '/home/opensg/osg_ros2_test_ws/install/ydlidar_ros2_driver/share/ydlidar_ros2_driver/package.bash'
[9.420s] INFO:colcon.colcon_core.shell:Creating package script '/home/opensg/osg_ros2_test_ws/install/ydlidar_ros2_driver/share/ydlidar_ros2_driver/package.zsh'
[9.421s] Level 1:colcon.colcon_core.environment:create_file_with_runtime_dependencies(/home/opensg/osg_ros2_test_ws/install/ydlidar_ros2_driver/share/colcon-core/packages/ydlidar_ros2_driver)
[9.453s] Level 1:colcon.colcon_core.environment:create_environment_scripts_only(ydlidar_ros2_driver)
[9.453s] Level 1:colcon.colcon_core.environment:checking '/home/opensg/osg_ros2_test_ws/install/ydlidar_ros2_driver' for CMake module files
[9.454s] Level 1:colcon.colcon_core.environment:checking '/home/opensg/osg_ros2_test_ws/install/ydlidar_ros2_driver' for CMake config files
[9.455s] Level 1:colcon.colcon_core.shell:create_environment_hook('ydlidar_ros2_driver', 'cmake_prefix_path')
[9.455s] INFO:colcon.colcon_core.shell:Creating environment hook '/home/opensg/osg_ros2_test_ws/install/ydlidar_ros2_driver/share/ydlidar_ros2_driver/hook/cmake_prefix_path.ps1'
[9.456s] INFO:colcon.colcon_core.shell:Creating environment descriptor '/home/opensg/osg_ros2_test_ws/install/ydlidar_ros2_driver/share/ydlidar_ros2_driver/hook/cmake_prefix_path.dsv'
[9.456s] INFO:colcon.colcon_core.shell:Creating environment hook '/home/opensg/osg_ros2_test_ws/install/ydlidar_ros2_driver/share/ydlidar_ros2_driver/hook/cmake_prefix_path.sh'
[9.457s] Level 1:colcon.colcon_core.environment:checking '/home/opensg/osg_ros2_test_ws/install/ydlidar_ros2_driver/lib'
[9.457s] Level 1:colcon.colcon_core.environment:checking '/home/opensg/osg_ros2_test_ws/install/ydlidar_ros2_driver/bin'
[9.457s] Level 1:colcon.colcon_core.environment:checking '/home/opensg/osg_ros2_test_ws/install/ydlidar_ros2_driver/lib/pkgconfig/ydlidar_ros2_driver.pc'
[9.457s] Level 1:colcon.colcon_core.environment:checking '/home/opensg/osg_ros2_test_ws/install/ydlidar_ros2_driver/lib/python3.8/site-packages'
[9.458s] INFO:colcon.colcon_core.shell:Creating package script '/home/opensg/osg_ros2_test_ws/install/ydlidar_ros2_driver/share/ydlidar_ros2_driver/package.ps1'
[9.458s] INFO:colcon.colcon_core.shell:Creating package descriptor '/home/opensg/osg_ros2_test_ws/install/ydlidar_ros2_driver/share/ydlidar_ros2_driver/package.dsv'
[9.459s] INFO:colcon.colcon_core.shell:Creating package script '/home/opensg/osg_ros2_test_ws/install/ydlidar_ros2_driver/share/ydlidar_ros2_driver/package.sh'
[9.459s] INFO:colcon.colcon_core.shell:Creating package script '/home/opensg/osg_ros2_test_ws/install/ydlidar_ros2_driver/share/ydlidar_ros2_driver/package.bash'
[9.460s] INFO:colcon.colcon_core.shell:Creating package script '/home/opensg/osg_ros2_test_ws/install/ydlidar_ros2_driver/share/ydlidar_ros2_driver/package.zsh'
[9.460s] Level 1:colcon.colcon_core.environment:create_file_with_runtime_dependencies(/home/opensg/osg_ros2_test_ws/install/ydlidar_ros2_driver/share/colcon-core/packages/ydlidar_ros2_driver)
[9.460s] DEBUG:colcon.colcon_parallel_executor.executor.parallel:closing loop
[9.461s] DEBUG:colcon.colcon_parallel_executor.executor.parallel:loop closed
[9.461s] DEBUG:colcon.colcon_parallel_executor.executor.parallel:run_until_complete finished with '0'
[9.461s] DEBUG:colcon.colcon_core.event_reactor:joining thread
[9.469s] INFO:colcon.colcon_core.plugin_system:Skipping extension 'colcon_notification.desktop_notification.terminal_notifier': Not used on non-Darwin systems
[9.469s] INFO:colcon.colcon_core.plugin_system:Skipping extension 'colcon_notification.desktop_notification.win32': Not used on non-Windows systems
[9.469s] INFO:colcon.colcon_notification.desktop_notification:Sending desktop notification using 'notify2'
[9.486s] DEBUG:colcon.colcon_core.event_reactor:joined thread
[9.487s] INFO:colcon.colcon_core.shell:Creating prefix script '/home/opensg/osg_ros2_test_ws/install/local_setup.ps1'
[9.488s] INFO:colcon.colcon_core.shell:Creating prefix util module '/home/opensg/osg_ros2_test_ws/install/_local_setup_util_ps1.py'
[9.489s] INFO:colcon.colcon_core.shell:Creating prefix chain script '/home/opensg/osg_ros2_test_ws/install/setup.ps1'
[9.492s] INFO:colcon.colcon_core.shell:Creating prefix script '/home/opensg/osg_ros2_test_ws/install/local_setup.sh'
[9.492s] INFO:colcon.colcon_core.shell:Creating prefix util module '/home/opensg/osg_ros2_test_ws/install/_local_setup_util_sh.py'
[9.493s] INFO:colcon.colcon_core.shell:Creating prefix chain script '/home/opensg/osg_ros2_test_ws/install/setup.sh'
[9.495s] INFO:colcon.colcon_core.shell:Creating prefix script '/home/opensg/osg_ros2_test_ws/install/local_setup.bash'
[9.496s] INFO:colcon.colcon_core.shell:Creating prefix chain script '/home/opensg/osg_ros2_test_ws/install/setup.bash'
[9.498s] INFO:colcon.colcon_core.shell:Creating prefix script '/home/opensg/osg_ros2_test_ws/install/local_setup.zsh'
[9.499s] INFO:colcon.colcon_core.shell:Creating prefix chain script '/home/opensg/osg_ros2_test_ws/install/setup.zsh'
