[0.014s] Invoking command in '/home/opensg/osg_ros2_test_ws/build/ydlidar_ros2_driver': CMAKE_PREFIX_PATH=${CMAKE_PREFIX_PATH}:/home/opensg/gcamp_ros2_ws/install/py_action_pkg:/home/opensg/osg_ros2_ws/install/osg_amr:/opt/ros/foxy /bin/cmake --build /home/opensg/osg_ros2_test_ws/build/ydlidar_ros2_driver -- -j4 -l4
[0.078s] [100%] Built target ydlidar_ros2_driver_client
[0.078s] [100%] Built target ydlidar_ros2_driver_node
[0.089s] Invoked command in '/home/opensg/osg_ros2_test_ws/build/ydlidar_ros2_driver' returned '0': CMAKE_PREFIX_PATH=${CMAKE_PREFIX_PATH}:/home/opensg/gcamp_ros2_ws/install/py_action_pkg:/home/opensg/osg_ros2_ws/install/osg_amr:/opt/ros/foxy /bin/cmake --build /home/opensg/osg_ros2_test_ws/build/ydlidar_ros2_driver -- -j4 -l4
[0.128s] Invoking command in '/home/opensg/osg_ros2_test_ws/build/ydlidar_ros2_driver': CMAKE_PREFIX_PATH=${CMAKE_PREFIX_PATH}:/home/opensg/gcamp_ros2_ws/install/py_action_pkg:/home/opensg/osg_ros2_ws/install/osg_amr:/opt/ros/foxy /bin/cmake --install /home/opensg/osg_ros2_test_ws/build/ydlidar_ros2_driver
[0.136s] -- Install configuration: ""
[0.136s] -- Execute custom install script
[0.137s] -- Up-to-date symlink: /home/opensg/osg_ros2_test_ws/install/ydlidar_ros2_driver/lib/ydlidar_ros2_driver/ydlidar_ros2_driver_node
[0.137s] -- Up-to-date symlink: /home/opensg/osg_ros2_test_ws/install/ydlidar_ros2_driver/lib/ydlidar_ros2_driver/ydlidar_ros2_driver_client
[0.138s] -- Up-to-date symlink: /home/opensg/osg_ros2_test_ws/install/ydlidar_ros2_driver/share/ydlidar_ros2_driver/launch/ydlidar.py
[0.138s] -- Up-to-date symlink: /home/opensg/osg_ros2_test_ws/install/ydlidar_ros2_driver/share/ydlidar_ros2_driver/launch/ydlidar_launch.py
[0.138s] -- Up-to-date symlink: /home/opensg/osg_ros2_test_ws/install/ydlidar_ros2_driver/share/ydlidar_ros2_driver/launch/ydlidar_launch_view.py
[0.138s] -- Up-to-date symlink: /home/opensg/osg_ros2_test_ws/install/ydlidar_ros2_driver/share/ydlidar_ros2_driver/params/ydlidar.yaml
[0.139s] -- Up-to-date symlink: /home/opensg/osg_ros2_test_ws/install/ydlidar_ros2_driver/share/ydlidar_ros2_driver/startup/initenv.sh
[0.139s] -- Up-to-date symlink: /home/opensg/osg_ros2_test_ws/install/ydlidar_ros2_driver/share/ydlidar_ros2_driver/config/ydlidar.rviz
[0.139s] -- Up-to-date symlink: /home/opensg/osg_ros2_test_ws/install/ydlidar_ros2_driver/share/ament_index/resource_index/package_run_dependencies/ydlidar_ros2_driver
[0.139s] -- Up-to-date symlink: /home/opensg/osg_ros2_test_ws/install/ydlidar_ros2_driver/share/ament_index/resource_index/parent_prefix_path/ydlidar_ros2_driver
[0.140s] -- Up-to-date symlink: /home/opensg/osg_ros2_test_ws/install/ydlidar_ros2_driver/share/ydlidar_ros2_driver/environment/ament_prefix_path.sh
[0.140s] -- Up-to-date symlink: /home/opensg/osg_ros2_test_ws/install/ydlidar_ros2_driver/share/ydlidar_ros2_driver/environment/ament_prefix_path.dsv
[0.140s] -- Up-to-date symlink: /home/opensg/osg_ros2_test_ws/install/ydlidar_ros2_driver/share/ydlidar_ros2_driver/environment/path.sh
[0.141s] -- Up-to-date symlink: /home/opensg/osg_ros2_test_ws/install/ydlidar_ros2_driver/share/ydlidar_ros2_driver/environment/path.dsv
[0.141s] -- Up-to-date symlink: /home/opensg/osg_ros2_test_ws/install/ydlidar_ros2_driver/share/ydlidar_ros2_driver/local_setup.bash
[0.141s] -- Up-to-date symlink: /home/opensg/osg_ros2_test_ws/install/ydlidar_ros2_driver/share/ydlidar_ros2_driver/local_setup.sh
[0.141s] -- Up-to-date symlink: /home/opensg/osg_ros2_test_ws/install/ydlidar_ros2_driver/share/ydlidar_ros2_driver/local_setup.zsh
[0.142s] -- Up-to-date symlink: /home/opensg/osg_ros2_test_ws/install/ydlidar_ros2_driver/share/ydlidar_ros2_driver/local_setup.dsv
[0.142s] -- Symlinking: /home/opensg/osg_ros2_test_ws/install/ydlidar_ros2_driver/share/ydlidar_ros2_driver/package.dsv
[0.151s] -- Up-to-date symlink: /home/opensg/osg_ros2_test_ws/install/ydlidar_ros2_driver/share/ament_index/resource_index/packages/ydlidar_ros2_driver
[0.151s] -- Up-to-date symlink: /home/opensg/osg_ros2_test_ws/install/ydlidar_ros2_driver/share/ydlidar_ros2_driver/cmake/ydlidar_ros2_driverConfig.cmake
[0.151s] -- Up-to-date symlink: /home/opensg/osg_ros2_test_ws/install/ydlidar_ros2_driver/share/ydlidar_ros2_driver/cmake/ydlidar_ros2_driverConfig-version.cmake
[0.152s] -- Up-to-date symlink: /home/opensg/osg_ros2_test_ws/install/ydlidar_ros2_driver/share/ydlidar_ros2_driver/package.xml
[0.153s] Invoked command in '/home/opensg/osg_ros2_test_ws/build/ydlidar_ros2_driver' returned '0': CMAKE_PREFIX_PATH=${CMAKE_PREFIX_PATH}:/home/opensg/gcamp_ros2_ws/install/py_action_pkg:/home/opensg/osg_ros2_ws/install/osg_amr:/opt/ros/foxy /bin/cmake --install /home/opensg/osg_ros2_test_ws/build/ydlidar_ros2_driver
