Performing C SOURCE FILE Test CMAKE_HAVE_LIBC_PTHREAD failed with the following output:
Change Dir: /home/opensg/osg_ros2_test_ws/build/ydlidar_ros2_driver/CMakeFiles/CMakeTmp

Run Build Command(s):/bin/make cmTC_105cd/fast && /bin/make -f CMakeFiles/cmTC_105cd.dir/build.make CMakeFiles/cmTC_105cd.dir/build
make[1]: 디렉터리 '/home/opensg/osg_ros2_test_ws/build/ydlidar_ros2_driver/CMakeFiles/CMakeTmp' 들어감
Building C object CMakeFiles/cmTC_105cd.dir/src.c.o
/bin/cc   -DCMAKE_HAVE_LIBC_PTHREAD   -o CMakeFiles/cmTC_105cd.dir/src.c.o   -c /home/opensg/osg_ros2_test_ws/build/ydlidar_ros2_driver/CMakeFiles/CMakeTmp/src.c
Linking C executable cmTC_105cd
/usr/bin/cmake -E cmake_link_script CMakeFiles/cmTC_105cd.dir/link.txt --verbose=1
/bin/cc  -DCMAKE_HAVE_LIBC_PTHREAD    CMakeFiles/cmTC_105cd.dir/src.c.o  -o cmTC_105cd 
/bin/ld: CMakeFiles/cmTC_105cd.dir/src.c.o: in function `main':
src.c:(.text+0x46): undefined reference to `pthread_create'
/bin/ld: src.c:(.text+0x52): undefined reference to `pthread_detach'
/bin/ld: src.c:(.text+0x63): undefined reference to `pthread_join'
collect2: error: ld returned 1 exit status
make[1]: *** [CMakeFiles/cmTC_105cd.dir/build.make:87: cmTC_105cd] 오류 1
make[1]: 디렉터리 '/home/opensg/osg_ros2_test_ws/build/ydlidar_ros2_driver/CMakeFiles/CMakeTmp' 나감
make: *** [Makefile:121: cmTC_105cd/fast] 오류 2


Source file was:
#include <pthread.h>

void* test_func(void* data)
{
  return data;
}

int main(void)
{
  pthread_t thread;
  pthread_create(&thread, NULL, test_func, NULL);
  pthread_detach(thread);
  pthread_join(thread, NULL);
  pthread_atfork(NULL, NULL, NULL);
  pthread_exit(NULL);

  return 0;
}

Determining if the function pthread_create exists in the pthreads failed with the following output:
Change Dir: /home/opensg/osg_ros2_test_ws/build/ydlidar_ros2_driver/CMakeFiles/CMakeTmp

Run Build Command(s):/bin/make cmTC_5e7b3/fast && /bin/make -f CMakeFiles/cmTC_5e7b3.dir/build.make CMakeFiles/cmTC_5e7b3.dir/build
make[1]: 디렉터리 '/home/opensg/osg_ros2_test_ws/build/ydlidar_ros2_driver/CMakeFiles/CMakeTmp' 들어감
Building C object CMakeFiles/cmTC_5e7b3.dir/CheckFunctionExists.c.o
/bin/cc   -DCHECK_FUNCTION_EXISTS=pthread_create   -o CMakeFiles/cmTC_5e7b3.dir/CheckFunctionExists.c.o   -c /usr/share/cmake-3.16/Modules/CheckFunctionExists.c
Linking C executable cmTC_5e7b3
/usr/bin/cmake -E cmake_link_script CMakeFiles/cmTC_5e7b3.dir/link.txt --verbose=1
/bin/cc  -DCHECK_FUNCTION_EXISTS=pthread_create    CMakeFiles/cmTC_5e7b3.dir/CheckFunctionExists.c.o  -o cmTC_5e7b3  -lpthreads 
/bin/ld: cannot find -lpthreads
collect2: error: ld returned 1 exit status
make[1]: *** [CMakeFiles/cmTC_5e7b3.dir/build.make:87: cmTC_5e7b3] 오류 1
make[1]: 디렉터리 '/home/opensg/osg_ros2_test_ws/build/ydlidar_ros2_driver/CMakeFiles/CMakeTmp' 나감
make: *** [Makefile:121: cmTC_5e7b3/fast] 오류 2



