[0.018s] Invoking command in '/home/opensg/osg_ros2_test_ws/build/ydlidar_ros2_driver': CMAKE_PREFIX_PATH=${CMAKE_PREFIX_PATH}:/home/opensg/gcamp_ros2_ws/install/py_action_pkg:/home/opensg/osg_ros2_ws/install/osg_amr:/opt/ros/foxy /bin/cmake /home/opensg/osg_ros2_test_ws/src/ydlidar_ros2_driver -DAMENT_CMAKE_SYMLINK_INSTALL=1 -DCMAKE_INSTALL_PREFIX=/home/opensg/osg_ros2_test_ws/install/ydlidar_ros2_driver
[0.204s] -- The C compiler identification is GNU 9.3.0
[0.360s] -- The CXX compiler identification is GNU 9.3.0
[0.373s] -- Check for working C compiler: /bin/cc
[0.448s] -- Check for working C compiler: /bin/cc -- works
[0.449s] -- Detecting C compiler ABI info
[0.521s] -- Detecting C compiler ABI info - done
[0.538s] -- Detecting C compile features
[0.538s] -- Detecting C compile features - done
[0.542s] -- Check for working CXX compiler: /bin/c++
[0.626s] -- Check for working CXX compiler: /bin/c++ -- works
[0.628s] -- Detecting CXX compiler ABI info
[0.707s] -- Detecting CXX compiler ABI info - done
[0.726s] -- Detecting CXX compile features
[0.726s] -- Detecting CXX compile features - done
[0.726s] -- Found ament_cmake: 0.9.9 (/opt/ros/foxy/share/ament_cmake/cmake)
[0.774s] -- Found PythonInterp: /bin/python3 (found suitable version "3.8.10", minimum required is "3") 
[0.775s] -- Using PYTHON_EXECUTABLE: /bin/python3
[1.007s] -- Override CMake install command with custom implementation using symlinks instead of copying resources
[1.115s] -- Found rclcpp: 2.4.0 (/opt/ros/foxy/share/rclcpp/cmake)
[1.232s] -- Using all available rosidl_typesupport_c: rosidl_typesupport_fastrtps_c;rosidl_typesupport_introspection_c
[1.245s] -- Found rosidl_adapter: 1.2.1 (/opt/ros/foxy/share/rosidl_adapter/cmake)
[1.364s] -- Found OpenSSL: /usr/lib/x86_64-linux-gnu/libcrypto.so (found version "1.1.1f")  
[1.398s] -- Found FastRTPS: /opt/ros/foxy/include  
[1.623s] -- Using all available rosidl_typesupport_cpp: rosidl_typesupport_fastrtps_cpp;rosidl_typesupport_introspection_cpp
[1.771s] -- Found rmw_implementation_cmake: 1.0.3 (/opt/ros/foxy/share/rmw_implementation_cmake/cmake)
[1.774s] -- Using RMW implementation 'rmw_fastrtps_cpp' as default
[1.775s] -- Looking for pthread.h
[1.865s] -- Looking for pthread.h - found
[1.865s] -- Performing Test CMAKE_HAVE_LIBC_PTHREAD
[1.946s] -- Performing Test CMAKE_HAVE_LIBC_PTHREAD - Failed
[1.946s] -- Looking for pthread_create in pthreads
[2.003s] -- Looking for pthread_create in pthreads - not found
[2.004s] -- Looking for pthread_create in pthread
[2.074s] -- Looking for pthread_create in pthread - found
[2.075s] -- Found Threads: TRUE  
[2.381s] -- Found sensor_msgs: 2.0.4 (/opt/ros/foxy/share/sensor_msgs/cmake)
[2.528s] -- Found visualization_msgs: 2.0.4 (/opt/ros/foxy/share/visualization_msgs/cmake)
[2.636s] -- Found std_srvs: 2.0.4 (/opt/ros/foxy/share/std_srvs/cmake)
[2.669s] -- Found ament_lint_auto: 0.9.6 (/opt/ros/foxy/share/ament_lint_auto/cmake)
[2.778s] -- Added test 'copyright' to check source files copyright and LICENSE
[2.787s] -- Added test 'cppcheck' to perform static code analysis on C / C++ code
[2.787s] -- Configured cppcheck include dirs: /home/opensg/osg_ros2_test_ws/src/ydlidar_ros2_driver/src
[2.787s] -- Configured cppcheck exclude dirs and/or files: 
[2.796s] -- Added test 'cpplint' to check C / C++ code against the Google style
[2.797s] -- Configured cpplint exclude dirs and/or files: 
[2.798s] -- Added test 'flake8' to check Python code syntax and style conventions
[2.801s] -- Added test 'lint_cmake' to check CMake code style
[2.803s] -- Added test 'pep257' to check Python code against some of the style conventions in PEP 257
[2.813s] -- Added test 'uncrustify' to check C / C++ code style
[2.813s] -- Configured uncrustify additional arguments: 
[2.814s] -- Added test 'xmllint' to check XML markup files
[2.818s] -- Configuring done
[2.835s] -- Generating done
[2.837s] -- Build files have been written to: /home/opensg/osg_ros2_test_ws/build/ydlidar_ros2_driver
[2.846s] Invoked command in '/home/opensg/osg_ros2_test_ws/build/ydlidar_ros2_driver' returned '0': CMAKE_PREFIX_PATH=${CMAKE_PREFIX_PATH}:/home/opensg/gcamp_ros2_ws/install/py_action_pkg:/home/opensg/osg_ros2_ws/install/osg_amr:/opt/ros/foxy /bin/cmake /home/opensg/osg_ros2_test_ws/src/ydlidar_ros2_driver -DAMENT_CMAKE_SYMLINK_INSTALL=1 -DCMAKE_INSTALL_PREFIX=/home/opensg/osg_ros2_test_ws/install/ydlidar_ros2_driver
[2.847s] Invoking command in '/home/opensg/osg_ros2_test_ws/build/ydlidar_ros2_driver': CMAKE_PREFIX_PATH=${CMAKE_PREFIX_PATH}:/home/opensg/gcamp_ros2_ws/install/py_action_pkg:/home/opensg/osg_ros2_ws/install/osg_amr:/opt/ros/foxy /bin/cmake --build /home/opensg/osg_ros2_test_ws/build/ydlidar_ros2_driver -- -j4 -l4
[2.893s] [35m[1mScanning dependencies of target ydlidar_ros2_driver_client[0m
[2.898s] [35m[1mScanning dependencies of target ydlidar_ros2_driver_node[0m
[3.102s] [ 25%] [32mBuilding CXX object CMakeFiles/ydlidar_ros2_driver_client.dir/src/ydlidar_ros2_driver_client.cpp.o[0m
[3.108s] [ 50%] [32mBuilding CXX object CMakeFiles/ydlidar_ros2_driver_node.dir/src/ydlidar_ros2_driver_node.cpp.o[0m
[4.743s] [01m[K/home/opensg/osg_ros2_test_ws/src/ydlidar_ros2_driver/src/ydlidar_ros2_driver_node.cpp:[m[K In lambda function:
[4.743s] [01m[K/home/opensg/osg_ros2_test_ws/src/ydlidar_ros2_driver/src/ydlidar_ros2_driver_node.cpp:163:54:[m[K [01;35m[Kwarning: [m[Kunused parameter ‘[01m[Krequest_header[m[K’ [[01;35m[K-Wunused-parameter[m[K]
[4.743s]   163 |     [&laser]([01;35m[Kconst std::shared_ptr<rmw_request_id_t> request_header[m[K,
[4.744s]       |              [01;35m[K~~~~~~~~~~~~~~~~~~~~~~~~~~~~~~~~~~~~~~~~^~~~~~~~~~~~~~[m[K
[4.744s] [01m[K/home/opensg/osg_ros2_test_ws/src/ydlidar_ros2_driver/src/ydlidar_ros2_driver_node.cpp:164:56:[m[K [01;35m[Kwarning: [m[Kunused parameter ‘[01m[Kreq[m[K’ [[01;35m[K-Wunused-parameter[m[K]
[4.744s]   164 |   [01;35m[Kconst std::shared_ptr<std_srvs::srv::Empty::Request> req[m[K,
[4.744s]       |   [01;35m[K~~~~~~~~~~~~~~~~~~~~~~~~~~~~~~~~~~~~~~~~~~~~~~~~~~~~~^~~[m[K
[4.744s] [01m[K/home/opensg/osg_ros2_test_ws/src/ydlidar_ros2_driver/src/ydlidar_ros2_driver_node.cpp:165:51:[m[K [01;35m[Kwarning: [m[Kunused parameter ‘[01m[Kresponse[m[K’ [[01;35m[K-Wunused-parameter[m[K]
[4.744s]   165 |   [01;35m[Kstd::shared_ptr<std_srvs::srv::Empty::Response> response[m[K) -> bool
[4.744s]       |   [01;35m[K~~~~~~~~~~~~~~~~~~~~~~~~~~~~~~~~~~~~~~~~~~~~~~~~^~~~~~~~[m[K
[4.750s] [01m[K/home/opensg/osg_ros2_test_ws/src/ydlidar_ros2_driver/src/ydlidar_ros2_driver_node.cpp:[m[K In lambda function:
[4.750s] [01m[K/home/opensg/osg_ros2_test_ws/src/ydlidar_ros2_driver/src/ydlidar_ros2_driver_node.cpp:173:54:[m[K [01;35m[Kwarning: [m[Kunused parameter ‘[01m[Krequest_header[m[K’ [[01;35m[K-Wunused-parameter[m[K]
[4.750s]   173 |     [&laser]([01;35m[Kconst std::shared_ptr<rmw_request_id_t> request_header[m[K,
[4.750s]       |              [01;35m[K~~~~~~~~~~~~~~~~~~~~~~~~~~~~~~~~~~~~~~~~^~~~~~~~~~~~~~[m[K
[4.750s] [01m[K/home/opensg/osg_ros2_test_ws/src/ydlidar_ros2_driver/src/ydlidar_ros2_driver_node.cpp:174:56:[m[K [01;35m[Kwarning: [m[Kunused parameter ‘[01m[Kreq[m[K’ [[01;35m[K-Wunused-parameter[m[K]
[4.750s]   174 |   [01;35m[Kconst std::shared_ptr<std_srvs::srv::Empty::Request> req[m[K,
[4.750s]       |   [01;35m[K~~~~~~~~~~~~~~~~~~~~~~~~~~~~~~~~~~~~~~~~~~~~~~~~~~~~~^~~[m[K
[4.750s] [01m[K/home/opensg/osg_ros2_test_ws/src/ydlidar_ros2_driver/src/ydlidar_ros2_driver_node.cpp:175:51:[m[K [01;35m[Kwarning: [m[Kunused parameter ‘[01m[Kresponse[m[K’ [[01;35m[K-Wunused-parameter[m[K]
[4.750s]   175 |   [01;35m[Kstd::shared_ptr<std_srvs::srv::Empty::Response> response[m[K) -> bool
[4.750s]       |   [01;35m[K~~~~~~~~~~~~~~~~~~~~~~~~~~~~~~~~~~~~~~~~~~~~~~~~^~~~~~~~[m[K
[7.097s] [ 75%] [32m[1mLinking CXX executable ydlidar_ros2_driver_node[0m
[7.417s] [ 75%] Built target ydlidar_ros2_driver_node
[8.484s] [100%] [32m[1mLinking CXX executable ydlidar_ros2_driver_client[0m
[8.760s] [100%] Built target ydlidar_ros2_driver_client
[8.772s] Invoked command in '/home/opensg/osg_ros2_test_ws/build/ydlidar_ros2_driver' returned '0': CMAKE_PREFIX_PATH=${CMAKE_PREFIX_PATH}:/home/opensg/gcamp_ros2_ws/install/py_action_pkg:/home/opensg/osg_ros2_ws/install/osg_amr:/opt/ros/foxy /bin/cmake --build /home/opensg/osg_ros2_test_ws/build/ydlidar_ros2_driver -- -j4 -l4
[8.810s] Invoking command in '/home/opensg/osg_ros2_test_ws/build/ydlidar_ros2_driver': CMAKE_PREFIX_PATH=${CMAKE_PREFIX_PATH}:/home/opensg/gcamp_ros2_ws/install/py_action_pkg:/home/opensg/osg_ros2_ws/install/osg_amr:/opt/ros/foxy /bin/cmake --install /home/opensg/osg_ros2_test_ws/build/ydlidar_ros2_driver
[8.819s] -- Install configuration: ""
[8.819s] -- Execute custom install script
[8.819s] -- Symlinking: /home/opensg/osg_ros2_test_ws/install/ydlidar_ros2_driver/lib/ydlidar_ros2_driver/ydlidar_ros2_driver_node
[8.829s] -- Symlinking: /home/opensg/osg_ros2_test_ws/install/ydlidar_ros2_driver/lib/ydlidar_ros2_driver/ydlidar_ros2_driver_client
[8.840s] -- Symlinking: /home/opensg/osg_ros2_test_ws/install/ydlidar_ros2_driver/share/ydlidar_ros2_driver/launch/ydlidar.py
[8.849s] -- Symlinking: /home/opensg/osg_ros2_test_ws/install/ydlidar_ros2_driver/share/ydlidar_ros2_driver/launch/ydlidar_launch.py
[8.858s] -- Symlinking: /home/opensg/osg_ros2_test_ws/install/ydlidar_ros2_driver/share/ydlidar_ros2_driver/launch/ydlidar_launch_view.py
[8.868s] -- Symlinking: /home/opensg/osg_ros2_test_ws/install/ydlidar_ros2_driver/share/ydlidar_ros2_driver/params/ydlidar.yaml
[8.878s] -- Symlinking: /home/opensg/osg_ros2_test_ws/install/ydlidar_ros2_driver/share/ydlidar_ros2_driver/startup/initenv.sh
[8.887s] -- Symlinking: /home/opensg/osg_ros2_test_ws/install/ydlidar_ros2_driver/share/ydlidar_ros2_driver/config/ydlidar.rviz
[8.897s] -- Symlinking: /home/opensg/osg_ros2_test_ws/install/ydlidar_ros2_driver/share/ament_index/resource_index/package_run_dependencies/ydlidar_ros2_driver
[8.906s] -- Symlinking: /home/opensg/osg_ros2_test_ws/install/ydlidar_ros2_driver/share/ament_index/resource_index/parent_prefix_path/ydlidar_ros2_driver
[8.916s] -- Symlinking: /home/opensg/osg_ros2_test_ws/install/ydlidar_ros2_driver/share/ydlidar_ros2_driver/environment/ament_prefix_path.sh
[8.926s] -- Symlinking: /home/opensg/osg_ros2_test_ws/install/ydlidar_ros2_driver/share/ydlidar_ros2_driver/environment/ament_prefix_path.dsv
[8.942s] -- Symlinking: /home/opensg/osg_ros2_test_ws/install/ydlidar_ros2_driver/share/ydlidar_ros2_driver/environment/path.sh
[8.947s] -- Symlinking: /home/opensg/osg_ros2_test_ws/install/ydlidar_ros2_driver/share/ydlidar_ros2_driver/environment/path.dsv
[8.957s] -- Symlinking: /home/opensg/osg_ros2_test_ws/install/ydlidar_ros2_driver/share/ydlidar_ros2_driver/local_setup.bash
[8.967s] -- Symlinking: /home/opensg/osg_ros2_test_ws/install/ydlidar_ros2_driver/share/ydlidar_ros2_driver/local_setup.sh
[8.977s] -- Symlinking: /home/opensg/osg_ros2_test_ws/install/ydlidar_ros2_driver/share/ydlidar_ros2_driver/local_setup.zsh
[8.986s] -- Symlinking: /home/opensg/osg_ros2_test_ws/install/ydlidar_ros2_driver/share/ydlidar_ros2_driver/local_setup.dsv
[8.995s] -- Symlinking: /home/opensg/osg_ros2_test_ws/install/ydlidar_ros2_driver/share/ydlidar_ros2_driver/package.dsv
[9.005s] -- Symlinking: /home/opensg/osg_ros2_test_ws/install/ydlidar_ros2_driver/share/ament_index/resource_index/packages/ydlidar_ros2_driver
[9.014s] -- Symlinking: /home/opensg/osg_ros2_test_ws/install/ydlidar_ros2_driver/share/ydlidar_ros2_driver/cmake/ydlidar_ros2_driverConfig.cmake
[9.024s] -- Symlinking: /home/opensg/osg_ros2_test_ws/install/ydlidar_ros2_driver/share/ydlidar_ros2_driver/cmake/ydlidar_ros2_driverConfig-version.cmake
[9.033s] -- Symlinking: /home/opensg/osg_ros2_test_ws/install/ydlidar_ros2_driver/share/ydlidar_ros2_driver/package.xml
[9.050s] Invoked command in '/home/opensg/osg_ros2_test_ws/build/ydlidar_ros2_driver' returned '0': CMAKE_PREFIX_PATH=${CMAKE_PREFIX_PATH}:/home/opensg/gcamp_ros2_ws/install/py_action_pkg:/home/opensg/osg_ros2_ws/install/osg_amr:/opt/ros/foxy /bin/cmake --install /home/opensg/osg_ros2_test_ws/build/ydlidar_ros2_driver
