[0.013s] Invoking command in '/home/opensg/osg_ros2_test_ws/build/ydlidar_ros2_driver': CMAKE_PREFIX_PATH=${CMAKE_PREFIX_PATH}:/home/opensg/gcamp_ros2_ws/install/py_action_pkg:/home/opensg/osg_ros2_ws/install/osg_amr:/opt/ros/foxy /bin/cmake --build /home/opensg/osg_ros2_test_ws/build/ydlidar_ros2_driver -- -j4 -l4
[0.043s] -- Found ament_cmake: 0.9.9 (/opt/ros/foxy/share/ament_cmake/cmake)
[0.070s] -- Using PYTHON_EXECUTABLE: /bin/python3
[0.249s] -- Override CMake install command with custom implementation using symlinks instead of copying resources
[0.256s] -- Found rclcpp: 2.4.0 (/opt/ros/foxy/share/rclcpp/cmake)
[0.290s] -- Using all available rosidl_typesupport_c: rosidl_typesupport_fastrtps_c;rosidl_typesupport_introspection_c
[0.293s] -- Found rosidl_adapter: 1.2.1 (/opt/ros/foxy/share/rosidl_adapter/cmake)
[0.411s] -- Using all available rosidl_typesupport_cpp: rosidl_typesupport_fastrtps_cpp;rosidl_typesupport_introspection_cpp
[0.459s] -- Found rmw_implementation_cmake: 1.0.3 (/opt/ros/foxy/share/rmw_implementation_cmake/cmake)
[0.461s] -- Using RMW implementation 'rmw_fastrtps_cpp' as default
[0.599s] -- Found sensor_msgs: 2.0.4 (/opt/ros/foxy/share/sensor_msgs/cmake)
[0.710s] -- Found visualization_msgs: 2.0.4 (/opt/ros/foxy/share/visualization_msgs/cmake)
[0.780s] -- Found std_srvs: 2.0.4 (/opt/ros/foxy/share/std_srvs/cmake)
[0.793s] -- Found ament_lint_auto: 0.9.6 (/opt/ros/foxy/share/ament_lint_auto/cmake)
[0.859s] -- Added test 'copyright' to check source files copyright and LICENSE
[0.866s] -- Added test 'cppcheck' to perform static code analysis on C / C++ code
[0.866s] -- Configured cppcheck include dirs: /home/opensg/osg_ros2_test_ws/src/ydlidar_ros2_driver/src
[0.866s] -- Configured cppcheck exclude dirs and/or files: 
[0.872s] -- Added test 'cpplint' to check C / C++ code against the Google style
[0.872s] -- Configured cpplint exclude dirs and/or files: 
[0.873s] -- Added test 'flake8' to check Python code syntax and style conventions
[0.874s] -- Added test 'lint_cmake' to check CMake code style
[0.875s] -- Added test 'pep257' to check Python code against some of the style conventions in PEP 257
[0.881s] -- Added test 'uncrustify' to check C / C++ code style
[0.881s] -- Configured uncrustify additional arguments: 
[0.882s] -- Added test 'xmllint' to check XML markup files
[0.885s] -- Configuring done
[0.899s] -- Generating done
[0.901s] -- Build files have been written to: /home/opensg/osg_ros2_test_ws/build/ydlidar_ros2_driver
[0.946s] [100%] Built target ydlidar_ros2_driver_client
[0.946s] [100%] Built target ydlidar_ros2_driver_node
[0.957s] Invoked command in '/home/opensg/osg_ros2_test_ws/build/ydlidar_ros2_driver' returned '0': CMAKE_PREFIX_PATH=${CMAKE_PREFIX_PATH}:/home/opensg/gcamp_ros2_ws/install/py_action_pkg:/home/opensg/osg_ros2_ws/install/osg_amr:/opt/ros/foxy /bin/cmake --build /home/opensg/osg_ros2_test_ws/build/ydlidar_ros2_driver -- -j4 -l4
[0.995s] Invoking command in '/home/opensg/osg_ros2_test_ws/build/ydlidar_ros2_driver': CMAKE_PREFIX_PATH=${CMAKE_PREFIX_PATH}:/home/opensg/gcamp_ros2_ws/install/py_action_pkg:/home/opensg/osg_ros2_ws/install/osg_amr:/opt/ros/foxy /bin/cmake --install /home/opensg/osg_ros2_test_ws/build/ydlidar_ros2_driver
[1.003s] -- Install configuration: ""
[1.003s] -- Execute custom install script
[1.004s] -- Up-to-date symlink: /home/opensg/osg_ros2_test_ws/install/ydlidar_ros2_driver/lib/ydlidar_ros2_driver/ydlidar_ros2_driver_node
[1.004s] -- Up-to-date symlink: /home/opensg/osg_ros2_test_ws/install/ydlidar_ros2_driver/lib/ydlidar_ros2_driver/ydlidar_ros2_driver_client
[1.005s] -- Up-to-date symlink: /home/opensg/osg_ros2_test_ws/install/ydlidar_ros2_driver/share/ydlidar_ros2_driver/launch/ydlidar.py
[1.005s] -- Up-to-date symlink: /home/opensg/osg_ros2_test_ws/install/ydlidar_ros2_driver/share/ydlidar_ros2_driver/launch/ydlidar_launch.py
[1.005s] -- Up-to-date symlink: /home/opensg/osg_ros2_test_ws/install/ydlidar_ros2_driver/share/ydlidar_ros2_driver/launch/ydlidar_launch_view.py
[1.006s] -- Up-to-date symlink: /home/opensg/osg_ros2_test_ws/install/ydlidar_ros2_driver/share/ydlidar_ros2_driver/params/ydlidar.yaml
[1.006s] -- Up-to-date symlink: /home/opensg/osg_ros2_test_ws/install/ydlidar_ros2_driver/share/ydlidar_ros2_driver/startup/initenv.sh
[1.007s] -- Up-to-date symlink: /home/opensg/osg_ros2_test_ws/install/ydlidar_ros2_driver/share/ydlidar_ros2_driver/config/ydlidar.rviz
[1.007s] -- Up-to-date symlink: /home/opensg/osg_ros2_test_ws/install/ydlidar_ros2_driver/share/ament_index/resource_index/package_run_dependencies/ydlidar_ros2_driver
[1.007s] -- Up-to-date symlink: /home/opensg/osg_ros2_test_ws/install/ydlidar_ros2_driver/share/ament_index/resource_index/parent_prefix_path/ydlidar_ros2_driver
[1.008s] -- Up-to-date symlink: /home/opensg/osg_ros2_test_ws/install/ydlidar_ros2_driver/share/ydlidar_ros2_driver/environment/ament_prefix_path.sh
[1.008s] -- Up-to-date symlink: /home/opensg/osg_ros2_test_ws/install/ydlidar_ros2_driver/share/ydlidar_ros2_driver/environment/ament_prefix_path.dsv
[1.008s] -- Up-to-date symlink: /home/opensg/osg_ros2_test_ws/install/ydlidar_ros2_driver/share/ydlidar_ros2_driver/environment/path.sh
[1.009s] -- Up-to-date symlink: /home/opensg/osg_ros2_test_ws/install/ydlidar_ros2_driver/share/ydlidar_ros2_driver/environment/path.dsv
[1.009s] -- Up-to-date symlink: /home/opensg/osg_ros2_test_ws/install/ydlidar_ros2_driver/share/ydlidar_ros2_driver/local_setup.bash
[1.009s] -- Up-to-date symlink: /home/opensg/osg_ros2_test_ws/install/ydlidar_ros2_driver/share/ydlidar_ros2_driver/local_setup.sh
[1.009s] -- Up-to-date symlink: /home/opensg/osg_ros2_test_ws/install/ydlidar_ros2_driver/share/ydlidar_ros2_driver/local_setup.zsh
[1.010s] -- Up-to-date symlink: /home/opensg/osg_ros2_test_ws/install/ydlidar_ros2_driver/share/ydlidar_ros2_driver/local_setup.dsv
[1.010s] -- Symlinking: /home/opensg/osg_ros2_test_ws/install/ydlidar_ros2_driver/share/ydlidar_ros2_driver/package.dsv
[1.019s] -- Up-to-date symlink: /home/opensg/osg_ros2_test_ws/install/ydlidar_ros2_driver/share/ament_index/resource_index/packages/ydlidar_ros2_driver
[1.019s] -- Up-to-date symlink: /home/opensg/osg_ros2_test_ws/install/ydlidar_ros2_driver/share/ydlidar_ros2_driver/cmake/ydlidar_ros2_driverConfig.cmake
[1.020s] -- Up-to-date symlink: /home/opensg/osg_ros2_test_ws/install/ydlidar_ros2_driver/share/ydlidar_ros2_driver/cmake/ydlidar_ros2_driverConfig-version.cmake
[1.020s] -- Up-to-date symlink: /home/opensg/osg_ros2_test_ws/install/ydlidar_ros2_driver/share/ydlidar_ros2_driver/package.xml
[1.022s] Invoked command in '/home/opensg/osg_ros2_test_ws/build/ydlidar_ros2_driver' returned '0': CMAKE_PREFIX_PATH=${CMAKE_PREFIX_PATH}:/home/opensg/gcamp_ros2_ws/install/py_action_pkg:/home/opensg/osg_ros2_ws/install/osg_amr:/opt/ros/foxy /bin/cmake --install /home/opensg/osg_ros2_test_ws/build/ydlidar_ros2_driver
